
> vendor-panel@0.0.0 start
> ng serve --host 127.0.0.1 --port 4201

[33m>[39m Building...
[32m√[39m Building...
[1mInitial chunk files[22m[2m | [22m[1mNames[22m                             [2m | [22m [1mRaw size[22m
[32mstyles.css[39m         [2m | [22m[2mstyles[22m                            [2m | [22m[36m222.85 kB[39m[2m | [22m
[32mpolyfills.js[39m       [2m | [22m[2mpolyfills[22m                         [2m | [22m [36m90.20 kB[39m[2m | [22m
[32mmain.js[39m            [2m | [22m[2mmain[22m                              [2m | [22m [36m54.65 kB[39m[2m | [22m
[32mchunk-7HI6O74M.js[39m  [2m | [22m[2m-[22m                                 [2m | [22m [36m34.31 kB[39m[2m | [22m
[32mchunk-K75BVHRO.js[39m  [2m | [22m[2m-[22m                                 [2m | [22m [36m23.10 kB[39m[2m | [22m
[32mchunk-SDMOKDS3.js[39m  [2m | [22m[2m-[22m                                 [2m | [22m  [36m9.38 kB[39m[2m | [22m
[32mchunk-HF64CRAC.js[39m  [2m | [22m[2m-[22m                                 [2m | [22m  [36m5.27 kB[39m[2m | [22m
[32mchunk-ND6LI7LK.js[39m  [2m | [22m[2m-[22m                                 [2m | [22m  [36m4.63 kB[39m[2m | [22m
[32mchunk-3GX5N4SL.js[39m  [2m | [22m[2m-[22m                                 [2m | [22m  [36m2.94 kB[39m[2m | [22m
[32mchunk-Q7AGLJ22.js[39m  [2m | [22m[2m-[22m                                 [2m | [22m  [36m1.98 kB[39m[2m | [22m
[32mchunk-HTGUK6GO.js[39m  [2m | [22m[2m-[22m                                 [2m | [22m  [36m1.74 kB[39m[2m | [22m

[1m [22m                  [2m | [22m[1mInitial total[22m                     [2m | [22m[1m451.06 kB[22m

[1mLazy chunk files[22m   [2m | [22m[1mNames[22m                             [2m | [22m [1mRaw size[22m
[32mchunk-RMRMGH4M.js[39m  [2m | [22m[2mvendor-profile-component[22m          [2m | [22m[36m272.27 kB[39m[2m | [22m
[32mchunk-IW3YKEI4.js[39m  [2m | [22m[2mproduct-list-component[22m            [2m | [22m[36m255.71 kB[39m[2m | [22m
[32mchunk-UJPULU77.js[39m  [2m | [22m[2mstaff-branches-page[22m               [2m | [22m[36m193.24 kB[39m[2m | [22m
[32mchunk-FPPSF34J.js[39m  [2m | [22m[2monboarding-component[22m              [2m | [22m[36m154.96 kB[39m[2m | [22m
[32mchunk-XNYAXTHJ.js[39m  [2m | [22m[2mvendor-dashboard-component[22m        [2m | [22m[36m146.98 kB[39m[2m | [22m
[32mchunk-4TIJ4BVE.js[39m  [2m | [22m[2moffers-list-component[22m             [2m | [22m[36m144.54 kB[39m[2m | [22m
[32mchunk-NTEDK6KL.js[39m  [2m | [22m[2morder-details-component[22m           [2m | [22m[36m123.28 kB[39m[2m | [22m
[32mchunk-E5JP2VDE.js[39m  [2m | [22m[2mlayout-component[22m                  [2m | [22m[36m106.81 kB[39m[2m | [22m
[32mchunk-XDSAJEZE.js[39m  [2m | [22m[2mreviews-center-page[22m               [2m | [22m [36m89.43 kB[39m[2m | [22m
[32mchunk-NOJFJFSG.js[39m  [2m | [22m[2mvendor-dispute-detail-component[22m   [2m | [22m [36m76.61 kB[39m[2m | [22m
[32mchunk-IBAAEBVY.js[39m  [2m | [22m[2mvendor-finance-dashboard-component[22m[2m | [22m [36m64.91 kB[39m[2m | [22m
[32mchunk-NBMIHBOK.js[39m  [2m | [22m[2msupport-center-page[22m               [2m | [22m [36m64.57 kB[39m[2m | [22m
[32mchunk-NYBRLTYT.js[39m  [2m | [22m[2mlogin-component[22m                   [2m | [22m [36m54.52 kB[39m[2m | [22m
[32mchunk-FXBACIEC.js[39m  [2m | [22m[2malerts-center-page[22m                [2m | [22m [36m52.78 kB[39m[2m | [22m
[32mchunk-UDSZYAME.js[39m  [2m | [22m[2minvitation-accept-component[22m       [2m | [22m [36m42.85 kB[39m[2m | [22m
[2m...and 40 more lazy chunks files. Use "--verbose" to show all the files.[22m

Application bundle generation complete. [73.486 seconds]

Watch mode enabled. Watching for file changes...
NOTE: Raw file sizes do not reflect development server per-request transformations.
  [32m➜[39m  [1mLocal[22m:   [36mhttp://127.0.0.1:[1m4201[22m/[39m
